2019-09-15 15:25:27.752  INFO 12568 --- [restartedMain] c.a.p.a.a.PhotoAppApiAlbumsApplication   : No active profile set, falling back to default profiles: default
2019-09-15 15:25:29.512  WARN 12568 --- [restartedMain] o.s.boot.actuate.endpoint.EndpointId     : Endpoint ID 'service-registry' contains invalid characters, please migrate to a valid format.
2019-09-15 15:25:29.705  INFO 12568 --- [restartedMain] o.s.cloud.context.scope.GenericScope     : BeanFactory id=fce5687c-8caa-3de7-86f9-d6b89e9c58f8
2019-09-15 15:25:29.802  INFO 12568 --- [restartedMain] trationDelegate$BeanPostProcessorChecker : Bean 'org.springframework.cloud.autoconfigure.ConfigurationPropertiesRebinderAutoConfiguration' of type [org.springframework.cloud.autoconfigure.ConfigurationPropertiesRebinderAutoConfiguration$$EnhancerBySpringCGLIB$$c06138e9] is not eligible for getting processed by all BeanPostProcessors (for example: not eligible for auto-proxying)
2019-09-15 15:25:30.508  INFO 12568 --- [restartedMain] o.s.b.w.embedded.tomcat.TomcatWebServer  : Tomcat initialized with port(s): 0 (http)
2019-09-15 15:25:30.552  INFO 12568 --- [restartedMain] o.apache.catalina.core.StandardService   : Starting service [Tomcat]
2019-09-15 15:25:30.553  INFO 12568 --- [restartedMain] org.apache.catalina.core.StandardEngine  : Starting Servlet engine: [Apache Tomcat/9.0.14]
2019-09-15 15:25:30.560  INFO 12568 --- [restartedMain] o.a.catalina.core.AprLifecycleListener   : The APR based Apache Tomcat Native library which allows optimal performance in production environments was not found on the java.library.path: [C:\Program Files\Java\jdk1.8.0_201\bin;C:\WINDOWS\Sun\Java\bin;C:\WINDOWS\system32;C:\WINDOWS;C:\Program Files (x86)\Common Files\Oracle\Java\javapath;C:\WINDOWS\system32;C:\WINDOWS;C:\WINDOWS\System32\Wbem;C:\WINDOWS\System32\WindowsPowerShell\v1.0\;C:\WINDOWS\System32\OpenSSH\;C:\Program Files\Git\cmd;C:\Program Files\Java\jdk1.8.0_201\bin;C:\Users\qafar\Desktop\apache-maven-3.6.1\bin;C:\wget;;C:\Program Files\NVIDIA Corporation\NVIDIA NvDLISR;C:\Program Files (x86)\NVIDIA Corporation\PhysX\Common;C:\Users\qafar\AppData\Local\Microsoft\WindowsApps;C:\Users\qafar\AppData\Local\GitHubDesktop\bin;C:\Users\qafar\Desktop\apache-maven-3.6.1\bin;;.]
2019-09-15 15:25:30.730  INFO 12568 --- [restartedMain] o.a.c.c.C.[Tomcat].[localhost].[/]       : Initializing Spring embedded WebApplicationContext
2019-09-15 15:25:30.731  INFO 12568 --- [restartedMain] o.s.web.context.ContextLoader            : Root WebApplicationContext: initialization completed in 2933 ms
2019-09-15 15:25:30.842  WARN 12568 --- [restartedMain] c.n.c.sources.URLConfigurationSource     : No URLs will be polled as dynamic configuration sources.
2019-09-15 15:25:30.843  INFO 12568 --- [restartedMain] c.n.c.sources.URLConfigurationSource     : To enable URLs as dynamic configuration sources, define System property archaius.configurationSource.additionalUrls or make config.properties available on classpath.
2019-09-15 15:25:30.855  INFO 12568 --- [restartedMain] c.netflix.config.DynamicPropertyFactory  : DynamicPropertyFactory is initialized with configuration sources: com.netflix.config.ConcurrentCompositeConfiguration@38537be8
2019-09-15 15:25:32.453  INFO 12568 --- [restartedMain] o.s.cloud.commons.util.InetUtils         : Cannot determine local hostname
2019-09-15 15:25:32.729  WARN 12568 --- [restartedMain] c.n.c.sources.URLConfigurationSource     : No URLs will be polled as dynamic configuration sources.
2019-09-15 15:25:32.730  INFO 12568 --- [restartedMain] c.n.c.sources.URLConfigurationSource     : To enable URLs as dynamic configuration sources, define System property archaius.configurationSource.additionalUrls or make config.properties available on classpath.
2019-09-15 15:25:32.980  INFO 12568 --- [restartedMain] o.s.s.concurrent.ThreadPoolTaskExecutor  : Initializing ExecutorService 'applicationTaskExecutor'
2019-09-15 15:25:33.436  WARN 12568 --- [restartedMain] o.s.b.d.a.OptionalLiveReloadServer       : Unable to start LiveReload server
2019-09-15 15:25:34.728  INFO 12568 --- [restartedMain] o.s.cloud.commons.util.InetUtils         : Cannot determine local hostname
2019-09-15 15:25:34.815  INFO 12568 --- [restartedMain] o.s.b.a.e.web.EndpointLinksResolver      : Exposing 2 endpoint(s) beneath base path '/actuator'
2019-09-15 15:25:34.961  INFO 12568 --- [restartedMain] o.s.b.w.embedded.tomcat.TomcatWebServer  : Tomcat started on port(s): 54056 (http) with context path ''
2019-09-15 15:25:34.963  INFO 12568 --- [restartedMain] .s.c.n.e.s.EurekaAutoServiceRegistration : Updating port to 54056
2019-09-15 15:25:34.970  INFO 12568 --- [restartedMain] o.s.c.n.eureka.InstanceInfoFactory       : Setting initial instance status as: STARTING
2019-09-15 15:25:35.019  INFO 12568 --- [restartedMain] com.netflix.discovery.DiscoveryClient    : Initializing Eureka in region us-east-1
2019-09-15 15:25:35.420  INFO 12568 --- [restartedMain] c.n.d.provider.DiscoveryJerseyProvider   : Using JSON encoding codec LegacyJacksonJson
2019-09-15 15:25:35.420  INFO 12568 --- [restartedMain] c.n.d.provider.DiscoveryJerseyProvider   : Using JSON decoding codec LegacyJacksonJson
2019-09-15 15:25:35.594  INFO 12568 --- [restartedMain] c.n.d.provider.DiscoveryJerseyProvider   : Using XML encoding codec XStreamXml
2019-09-15 15:25:35.594  INFO 12568 --- [restartedMain] c.n.d.provider.DiscoveryJerseyProvider   : Using XML decoding codec XStreamXml
2019-09-15 15:25:35.785  INFO 12568 --- [restartedMain] c.n.d.s.r.aws.ConfigClusterResolver      : Resolving eureka endpoints via configuration
2019-09-15 15:25:36.017  INFO 12568 --- [restartedMain] com.netflix.discovery.DiscoveryClient    : Disable delta property : false
2019-09-15 15:25:36.017  INFO 12568 --- [restartedMain] com.netflix.discovery.DiscoveryClient    : Single vip registry refresh property : null
2019-09-15 15:25:36.018  INFO 12568 --- [restartedMain] com.netflix.discovery.DiscoveryClient    : Force full registry fetch : false
2019-09-15 15:25:36.018  INFO 12568 --- [restartedMain] com.netflix.discovery.DiscoveryClient    : Application is null : false
2019-09-15 15:25:36.019  INFO 12568 --- [restartedMain] com.netflix.discovery.DiscoveryClient    : Registered Applications size is zero : true
2019-09-15 15:25:36.019  INFO 12568 --- [restartedMain] com.netflix.discovery.DiscoveryClient    : Application version is -1: true
2019-09-15 15:25:36.019  INFO 12568 --- [restartedMain] com.netflix.discovery.DiscoveryClient    : Getting all instance registry info from the eureka server
2019-09-15 15:25:36.336  INFO 12568 --- [restartedMain] com.netflix.discovery.DiscoveryClient    : The response status is 200
2019-09-15 15:25:36.341  INFO 12568 --- [restartedMain] com.netflix.discovery.DiscoveryClient    : Starting heartbeat executor: renew interval is: 30
2019-09-15 15:25:36.343  INFO 12568 --- [restartedMain] c.n.discovery.InstanceInfoReplicator     : InstanceInfoReplicator onDemand update allowed rate per min is 4
2019-09-15 15:25:36.349  INFO 12568 --- [restartedMain] com.netflix.discovery.DiscoveryClient    : Discovery Client initialized at timestamp 1568550336346 with initial instances count: 2
2019-09-15 15:25:36.350  INFO 12568 --- [restartedMain] o.s.c.n.e.s.EurekaServiceRegistry        : Registering application ALBUMS-WS with eureka with status UP
2019-09-15 15:25:36.351  INFO 12568 --- [restartedMain] com.netflix.discovery.DiscoveryClient    : Saw local status change event StatusChangeEvent [timestamp=1568550336351, current=UP, previous=STARTING]
2019-09-15 15:25:36.355  INFO 12568 --- [DiscoveryClient-InstanceInfoReplicator-0] com.netflix.discovery.DiscoveryClient    : DiscoveryClient_ALBUMS-WS/albums-ws:25cc74ef422c768644d80825fe852b9b: registering service...
2019-09-15 15:25:36.358  INFO 12568 --- [restartedMain] c.a.p.a.a.PhotoAppApiAlbumsApplication   : Started PhotoAppApiAlbumsApplication in 12.725 seconds (JVM running for 14.704)
2019-09-15 15:25:36.398  INFO 12568 --- [DiscoveryClient-InstanceInfoReplicator-0] com.netflix.discovery.DiscoveryClient    : DiscoveryClient_ALBUMS-WS/albums-ws:25cc74ef422c768644d80825fe852b9b - registration status: 204
2019-09-15 15:25:36.477  INFO 12568 --- [RMI TCP Connection(2)-127.0.0.1] o.a.c.c.C.[Tomcat].[localhost].[/]       : Initializing Spring DispatcherServlet 'dispatcherServlet'
2019-09-15 15:25:36.477  INFO 12568 --- [RMI TCP Connection(2)-127.0.0.1] o.s.web.servlet.DispatcherServlet        : Initializing Servlet 'dispatcherServlet'
2019-09-15 15:25:36.487  INFO 12568 --- [RMI TCP Connection(2)-127.0.0.1] o.s.web.servlet.DispatcherServlet        : Completed initialization in 10 ms
2019-09-15 15:28:00.959  INFO 12568 --- [http-nio-auto-1-exec-1] c.a.p.a.a.i.c.AlbumsController           : Returning 2 albums
2019-09-15 15:28:05.835  INFO 12568 --- [http-nio-auto-1-exec-2] c.a.p.a.a.i.c.AlbumsController           : Returning 2 albums
2019-09-15 15:28:08.438  INFO 12568 --- [http-nio-auto-1-exec-3] c.a.p.a.a.i.c.AlbumsController           : Returning 2 albums
2019-09-15 15:30:36.025  INFO 12568 --- [AsyncResolver-bootstrap-executor-0] c.n.d.s.r.aws.ConfigClusterResolver      : Resolving eureka endpoints via configuration
2019-09-15 15:35:36.027  INFO 12568 --- [AsyncResolver-bootstrap-executor-0] c.n.d.s.r.aws.ConfigClusterResolver      : Resolving eureka endpoints via configuration
2019-09-15 15:35:42.745  INFO 12568 --- [http-nio-auto-1-exec-6] c.a.p.a.a.i.c.AlbumsController           : Returning 2 albums
2019-09-15 15:36:04.025  INFO 12568 --- [http-nio-auto-1-exec-7] c.a.p.a.a.i.c.AlbumsController           : Returning 2 albums
